app/build/intermediates/manifest_merge_blame_file/debug/manifest-merger-blame-debug-report.txt
1<?xml version="1.0" encoding="utf-8"?>
2<manifest xmlns:android="http://schemas.android.com/apk/res/android"
3    package="com.example.musicme"
4    android:versionCode="1"
5    android:versionName="1.0" >
6
7    <uses-sdk
8        android:minSdkVersion="22"
8-->src/main/AndroidManifest.xml
9        android:targetSdkVersion="29" />
9-->src/main/AndroidManifest.xml
10
11    <uses-permission android:name="android.permission.WAKE_LOCK" />
11-->src/main/AndroidManifest.xml:5:5-68
11-->src/main/AndroidManifest.xml:5:22-65
12    <uses-permission android:name="android.permission.ACCESS_NETWORK_STATE" />
12-->src/main/AndroidManifest.xml:6:5-79
12-->src/main/AndroidManifest.xml:6:22-76
13    <uses-permission android:name="android.permission.INTERNET" />
13-->src/main/AndroidManifest.xml:7:5-67
13-->src/main/AndroidManifest.xml:7:22-64
14    <uses-permission android:name="android.permission.ACCESS_WIFI_STATE" />
14-->src/main/AndroidManifest.xml:8:5-76
14-->src/main/AndroidManifest.xml:8:22-73
15    <uses-permission android:name="android.permission.WRITE_EXTERNAL_STORAGE" />
15-->src/main/AndroidManifest.xml:9:5-81
15-->src/main/AndroidManifest.xml:9:22-78
16
17    <application
17-->src/main/AndroidManifest.xml:11:5-34:19
18        android:name="com.example.musicme.objects.UserStore"
18-->src/main/AndroidManifest.xml:12:9-42
19        android:allowBackup="true"
19-->src/main/AndroidManifest.xml:13:9-35
20        android:appComponentFactory="androidx.core.app.CoreComponentFactory"
20-->[androidx.core:core:1.3.0] AndroidManifest.xml:24:18-86
21        android:debuggable="true"
22        android:icon="@mipmap/ic_launcher"
22-->src/main/AndroidManifest.xml:14:9-43
23        android:label="@string/app_name"
23-->src/main/AndroidManifest.xml:15:9-41
24        android:roundIcon="@mipmap/ic_launcher_round"
24-->src/main/AndroidManifest.xml:16:9-54
25        android:supportsRtl="true"
25-->src/main/AndroidManifest.xml:17:9-35
26        android:testOnly="true"
27        android:theme="@style/AppTheme" >
27-->src/main/AndroidManifest.xml:18:9-40
28        <activity android:name="com.example.musicme.activities.MultiplayerActivity" />
28-->src/main/AndroidManifest.xml:19:9-77
28-->src/main/AndroidManifest.xml:19:19-65
29        <activity android:name="com.example.musicme.activities.SprintActivity" />
29-->src/main/AndroidManifest.xml:20:9-63
29-->src/main/AndroidManifest.xml:20:19-60
30        <activity android:name="com.example.musicme.marathon.MarathonActivity" />
30-->src/main/AndroidManifest.xml:21:9-63
30-->src/main/AndroidManifest.xml:21:19-60
31        <activity android:name="com.example.musicme.activities.QuizActivity" />
31-->src/main/AndroidManifest.xml:22:9-61
31-->src/main/AndroidManifest.xml:22:19-58
32        <activity android:name="com.example.musicme.activities.MainActivity" />
32-->src/main/AndroidManifest.xml:23:9-60
32-->src/main/AndroidManifest.xml:23:19-58
33        <activity android:name="com.example.musicme.activities.WelcomeScreenActivity" >
33-->src/main/AndroidManifest.xml:24:9-30:16
33-->src/main/AndroidManifest.xml:24:19-67
34            <intent-filter>
34-->src/main/AndroidManifest.xml:25:13-29:25
35                <action android:name="android.intent.action.MAIN" />
35-->src/main/AndroidManifest.xml:26:13-65
35-->src/main/AndroidManifest.xml:26:21-62
36
37                <category android:name="android.intent.category.LAUNCHER" />
37-->src/main/AndroidManifest.xml:28:13-73
37-->src/main/AndroidManifest.xml:28:23-70
38            </intent-filter>
39        </activity>
40    </application>
41
42</manifest>